c:\users\twhil\onedrive\desktop\programing projects\primittiveengeion\x64\debug\vc143.pdb
c:\users\twhil\onedrive\desktop\programing projects\primittiveengeion\x64\debug\vc143.idb
c:\users\twhil\onedrive\desktop\programing projects\primittiveengeion\x64\debug\vectormaths.obj
c:\users\twhil\onedrive\desktop\programing projects\primittiveengeion\x64\debug\mesh.obj
c:\users\twhil\onedrive\desktop\programing projects\primittiveengeion\x64\debug\primittiveengeion.obj
c:\users\twhil\onedrive\desktop\programing projects\primittiveengeion\x64\debug\menue.obj
c:\users\twhil\onedrive\desktop\programing projects\primittiveengeion\x64\debug\ui.obj
c:\users\twhil\onedrive\desktop\programing projects\primittiveengeion\x64\debug\textrendering.obj
c:\users\twhil\onedrive\desktop\programing projects\primittiveengeion\x64\debug\equation.obj
c:\users\twhil\onedrive\desktop\programing projects\primittiveengeion\x64\debug\arrfunctions.obj
c:\users\twhil\onedrive\desktop\programing projects\primittiveengeion\x64\debug\uiitems.obj
c:\users\twhil\onedrive\desktop\programing projects\primittiveengeion\x64\debug\menuui.obj
c:\users\twhil\onedrive\desktop\programing projects\primittiveengeion\x64\debug\cuda_kernel.cu.obj
c:\users\twhil\onedrive\desktop\programing projects\primittiveengeion\x64\debug\tianglesort.cu.obj
c:\users\twhil\onedrive\desktop\programing projects\primittiveengeion\x64\debug\primittiveengeion.exe
c:\users\twhil\onedrive\desktop\programing projects\primittiveengeion\x64\debug\primittiveengeion.ilk
c:\users\twhil\onedrive\desktop\programing projects\primittiveengeion\x64\debug\primittiveengeion.pdb
c:\users\twhil\onedrive\desktop\programing projects\primittiveengeion\x64\debug\primittiveengeion.lib
c:\users\twhil\onedrive\desktop\programing projects\primittiveengeion\x64\debug\primittiveengeion.exp
c:\users\twhil\onedrive\desktop\programing projects\primittiveengeion\x64\debug\cuda_kernel.cu.cache
c:\users\twhil\onedrive\desktop\programing projects\primittiveengeion\x64\debug\tianglesort.cu.cache
c:\users\twhil\onedrive\desktop\programing projects\primittiveengeion\x64\debug\equation.obj.enc
c:\users\twhil\onedrive\desktop\programing projects\primittiveengeion\x64\debug\primittiveengeion.obj.enc
c:\users\twhil\onedrive\desktop\programing projects\primittiveengeion\x64\debug\primitti.2cc1fad1.tlog\cl.command.1.tlog
c:\users\twhil\onedrive\desktop\programing projects\primittiveengeion\x64\debug\primitti.2cc1fad1.tlog\cl.read.1.tlog
c:\users\twhil\onedrive\desktop\programing projects\primittiveengeion\x64\debug\primitti.2cc1fad1.tlog\cl.write.1.tlog
c:\users\twhil\onedrive\desktop\programing projects\primittiveengeion\x64\debug\primitti.2cc1fad1.tlog\cudacompile.read.1u.tlog
c:\users\twhil\onedrive\desktop\programing projects\primittiveengeion\x64\debug\primitti.2cc1fad1.tlog\cudacompile.write.1u.tlog
c:\users\twhil\onedrive\desktop\programing projects\primittiveengeion\x64\debug\primitti.2cc1fad1.tlog\link.command.1.tlog
c:\users\twhil\onedrive\desktop\programing projects\primittiveengeion\x64\debug\primitti.2cc1fad1.tlog\link.read.1.tlog
c:\users\twhil\onedrive\desktop\programing projects\primittiveengeion\x64\debug\primitti.2cc1fad1.tlog\link.write.1.tlog
c:\users\twhil\onedrive\desktop\programing projects\primittiveengeion\x64\debug\primitti.2cc1fad1.tlog\primittiveengeion.write.1u.tlog
